<?xml version="1.0" encoding="UTF-8"?>
<!-- Generated by org.testng.reporters.JUnitXMLReporter -->
<testsuite hostname="F_Jakovlevski" ignored="0" name="Aktivacija korisnika" tests="1" failures="1" timestamp="23 Jul 2019 07:37:36 GMT" time="21.841" errors="0">
  <testcase name="PotvrdaMaila" time="16.598" classname="MozzartMalta.PotvrdaMaila">
    <failure type="java.lang.StringIndexOutOfBoundsException" message="String index out of range: -4">
      <![CDATA[java.lang.StringIndexOutOfBoundsException: String index out of range: -4
at java.lang.String.substring(String.java:1967)
at MozzartMalta.PotvrdaMaila.PotvrdaMaila(PotvrdaMaila.java:44)
... Removed 25 stack frames]]>
    </failure>
  </testcase> <!-- PotvrdaMaila -->
</testsuite> <!-- Aktivacija korisnika -->
