<?xml version="1.0" encoding="UTF-8"?>
<!-- Generated by org.testng.reporters.JUnitXMLReporter -->
<testsuite hostname="F_Jakovlevski" ignored="0" name="Balans" tests="3" failures="0" timestamp="23 Jul 2019 08:44:06 GMT" time="2.48" errors="0">
  <testcase name="ID" time="2.087" classname="MozzartSrbija.Podaci_Baza"/>
  <testcase name="balans1" time="0.001" classname="MozzartSrbija.balans"/>
  <testcase name="Balance" time="0.009" classname="MozzartSrbija.Podaci_Baza"/>
</testsuite> <!-- Balans -->
