<?xml version="1.0" encoding="UTF-8"?>
<!-- Generated by org.testng.reporters.JUnitXMLReporter -->
<testsuite hostname="F_Jakovlevski" ignored="0" name="Balans" tests="3" failures="0" timestamp="02 Sep 2019 13:36:16 GMT" time="1.463" errors="0">
  <testcase name="ID" time="0.832" classname="MozzartSrbija.Podaci_Baza"/>
  <testcase name="balans1" time="0.001" classname="MozzartSrbija.balans"/>
  <testcase name="Balance" time="0.007" classname="MozzartSrbija.Podaci_Baza"/>
</testsuite> <!-- Balans -->
