<?xml version="1.0" encoding="UTF-8"?>
<!-- Generated by org.testng.reporters.JUnitXMLReporter -->
<testsuite hostname="F_Jakovlevski" ignored="0" name="Citanje iz baze i pustanje meceva na Srbija Web" tests="4" failures="0" timestamp="05 Apr 2020 17:21:29 GMT" time="0.831" errors="0">
  <testcase name="maxIdKola" time="0.135" classname="MozzartSrbija.IzvlacenjePonude"/>
  <testcase name="iscitavanjeMecevaIzJson" time="0.02" classname="MozzartSrbija.PustanjeMecevaNaSajt"/>
  <testcase name="meceviID" time="0.025" classname="MozzartSrbija.IzvlacenjePonude"/>
  <testcase name="upisMecevauJson" time="0.044" classname="MozzartSrbija.IzvlacenjePonude"/>
</testsuite> <!-- Citanje iz baze i pustanje meceva na Srbija Web -->
