<?xml version="1.0" encoding="UTF-8"?>
<!-- Generated by org.testng.reporters.JUnitXMLReporter -->
<testsuite hostname="F_Jakovlevski" ignored="0" name="Citanje meceva iz baze" tests="3" failures="0" timestamp="27 May 2020 17:13:28 GMT" time="0.93" errors="0">
  <testcase name="maxIdKola" time="0.13" classname="MozzartGermania.IzvlacenjePonude"/>
  <testcase name="meceviID" time="0.051" classname="MozzartGermania.IzvlacenjePonude"/>
  <testcase name="upisMecevauJson" time="0.047" classname="MozzartGermania.IzvlacenjePonude"/>
</testsuite> <!-- Citanje meceva iz baze -->
