<?xml version="1.0" encoding="UTF-8"?>
<!-- Generated by org.testng.reporters.JUnitXMLReporter -->
<testsuite hostname="F_Jakovlevski" ignored="0" name="Logovanje korisnika i isplata na tekuci racun" tests="2" failures="0" timestamp="04 Sep 2019 11:22:37 GMT" time="199.628" errors="0">
  <testcase name="MozzartHomePage" time="59.076" classname="MozzartRumunija.Login"/>
  <testcase name="Isplata" time="135.626" classname="MozzartRumunija.IsplataNaUm"/>
</testsuite> <!-- Logovanje korisnika i isplata na tekuci racun -->
