<?xml version="1.0" encoding="UTF-8"?>
<!-- Generated by org.testng.reporters.JUnitXMLReporter -->
<testsuite hostname="F_Jakovlevski" ignored="0" name="Logovanje korisnika i uplata svih tipova tiketa" tests="2" failures="0" timestamp="03 Sep 2019 12:32:35 GMT" time="20.583" errors="0">
  <testcase name="MozzartHomePage" time="8.771" classname="MozzartSrbija.Login"/>
  <testcase name="Uplata" time="7.12" classname="MozzartSrbija.UplataVaucerTiket"/>
</testsuite> <!-- Logovanje korisnika i uplata svih tipova tiketa -->
