<?xml version="1.0" encoding="UTF-8"?>
<!-- Generated by org.testng.reporters.JUnitXMLReporter -->
<testsuite hostname="F_Jakovlevski" ignored="0" name="Logovanje korisnika i isplata na UM" tests="2" failures="0" timestamp="29 Jul 2019 10:16:26 GMT" time="17.679" errors="0">
  <testcase name="MozzartHomePage" time="8.898" classname="MozzartGermania.Login"/>
  <testcase name="Isplata" time="8.061" classname="MozzartGermania.IsplataNaUm"/>
</testsuite> <!-- Logovanje korisnika i isplata na UM -->
