<?xml version="1.0" encoding="UTF-8"?>
<!-- Generated by org.testng.reporters.JUnitXMLReporter -->
<testsuite hostname="F_Jakovlevski" ignored="0" name="Logovanje korisnika i uplata tiketa" tests="20" failures="0" timestamp="04 Mar 2020 15:08:20 GMT" time="156.909" errors="0">
  <testcase name="MozzartHomePage" time="13.047" classname="MozzartGermania.Login"/>
  <testcase name="uplataGrckiloto" time="13.429" classname="MozzartGermania.UplataLotoTiketa"/>
  <testcase name="uplataGrckiloto1" time="4.157" classname="MozzartGermania.UplataLotoTiketa"/>
  <testcase name="uplataGrckiloto2" time="3.546" classname="MozzartGermania.UplataLotoTiketa"/>
  <testcase name="uplataGrckiloto3" time="3.082" classname="MozzartGermania.UplataLotoTiketa"/>
  <testcase name="uplataGrckilotoSistemski1" time="3.546" classname="MozzartGermania.UplataLotoTiketa"/>
  <testcase name="uplataGrckilotoSistemski2" time="4.266" classname="MozzartGermania.UplataLotoTiketa"/>
  <testcase name="uplataGrckilotoSistemski3" time="4.325" classname="MozzartGermania.UplataLotoTiketa"/>
  <testcase name="uplataGrckilotoSistemski4" time="4.369" classname="MozzartGermania.UplataLotoTiketa"/>
  <testcase name="uplataGrckilotoSistemski5" time="5.048" classname="MozzartGermania.UplataLotoTiketa"/>
  <testcase name="uplataGrckilotoSistemski6" time="4.568" classname="MozzartGermania.UplataLotoTiketa"/>
  <testcase name="uplataGrckilotoSistemski7" time="4.538" classname="MozzartGermania.UplataLotoTiketa"/>
  <testcase name="uplataGrckilotoSistemskiZaViseKola" time="11.647" classname="MozzartGermania.UplataLotoTiketa"/>
  <testcase name="uplataGrckilotoSing1l" time="2.819" classname="MozzartGermania.UplataLotoTiketa"/>
  <testcase name="uplataGrckilotoSingl" time="2.802" classname="MozzartGermania.UplataLotoTiketa"/>
  <testcase name="uplataLuckyGTiketa1" time="14.274" classname="MozzartGermania.UplataLuckyGTiket"/>
  <testcase name="uplataLuckyGTiketa2" time="12.983" classname="MozzartGermania.UplataLuckyGTiket"/>
  <testcase name="uplataLuckyGTiketa3" time="14.281" classname="MozzartGermania.UplataLuckyGTiket"/>
  <testcase name="uplataLuckyGTiketa4" time="13.95" classname="MozzartGermania.UplataLuckyGTiket"/>
  <testcase name="uplataLuckyGTiketaZaViseKola" time="15.491" classname="MozzartGermania.UplataLuckyGTiket"/>
</testsuite> <!-- Logovanje korisnika i uplata tiketa -->
