<?xml version="1.0" encoding="UTF-8"?>
<!-- Generated by org.testng.reporters.JUnitXMLReporter -->
<testsuite hostname="F_Jakovlevski" ignored="0" name="Logovanje i uplata vaucer tiketa" tests="2" failures="0" timestamp="11 May 2020 10:24:27 GMT" time="33.064" errors="0">
  <testcase name="MozzartHomePage" time="9.641" classname="MozzartRumunija.Login"/>
  <testcase name="uplataVaucerTiketa" time="18.486" classname="MozzartRumunija.UplataVaucerTiket"/>
</testsuite> <!-- Logovanje i uplata vaucer tiketa -->
