<?xml version="1.0" encoding="UTF-8"?>
<!-- Generated by org.testng.reporters.JUnitXMLReporter -->
<testsuite hostname="F_Jakovlevski" ignored="0" name="Logovanje i slanje tiketa na verifikaciju" tests="2" failures="0" timestamp="23 Apr 2020 07:50:19 GMT" time="48.826" errors="0">
  <testcase name="mozzartHomePage" time="10.187" classname="MozzartMalta.Login"/>
  <testcase name="slanjeTiketaNaVerifikaciju" time="33.933" classname="MozzartMalta.SlanjeZaVerifikaciju"/>
</testsuite> <!-- Logovanje i slanje tiketa na verifikaciju -->
