<?xml version="1.0" encoding="UTF-8"?>
<!-- Generated by org.testng.reporters.JUnitXMLReporter -->
<testsuite hostname="F_Jakovlevski" ignored="0" name="Logovanje i isplata na tekuci racun" tests="2" failures="0" timestamp="01 Aug 2019 11:36:16 GMT" time="30.072" errors="0">
  <testcase name="MozzartHomePage" time="8.327" classname="MozzartSrbija.Login"/>
  <testcase name="Isplata" time="21.046" classname="MozzartSrbija.IsplataNaTekuci"/>
</testsuite> <!-- Logovanje i isplata na tekuci racun -->
