<?xml version="1.0" encoding="UTF-8"?>
<!-- Generated by org.testng.reporters.JUnitXMLReporter -->
<testsuite hostname="F_Jakovlevski" ignored="0" name="Logovanje i pregled transakcija" tests="2" failures="0" timestamp="11 May 2020 08:21:19 GMT" time="18.695" errors="0">
  <testcase name="MozzartHomePage" time="11.757" classname="MozzartGermania.Login"/>
  <testcase name="pregledTransakcija" time="6.223" classname="MozzartGermania.PregledTransakcija"/>
</testsuite> <!-- Logovanje i pregled transakcija -->
