<?xml version="1.0" encoding="UTF-8"?>
<!-- Generated by org.testng.reporters.JUnitXMLReporter -->
<testsuite hostname="F_Jakovlevski" ignored="0" name="Logovanje i upload dokumenata" tests="2" failures="0" timestamp="25 May 2020 13:31:29 GMT" time="14.011" errors="0">
  <testcase name="MozzartHomePage" time="10.177" classname="MozzartRumunija.Login"/>
  <testcase name="uploadDokumenta" time="2.985" classname="MozzartRumunija.UploadDokumenta"/>
</testsuite> <!-- Logovanje i upload dokumenata -->
