<?xml version="1.0" encoding="UTF-8"?>
<!-- Generated by org.testng.reporters.JUnitXMLReporter -->
<testsuite hostname="F_Jakovlevski" ignored="0" name="Logovanje korisnika i uplata loto tiketa" tests="21" failures="1" timestamp="25 May 2020 13:03:48 GMT" time="131.263" errors="0">
  <testcase name="MozzartHomePage" time="12.294" classname="MozzartGermania.Login"/>
  <testcase name="uplataGrckiloto" time="9.165" classname="MozzartGermania.UplataLotoTiketa"/>
  <testcase name="uplataGrckiloto1" time="2.914" classname="MozzartGermania.UplataLotoTiketa"/>
  <testcase name="uplataGrckiloto2" time="2.986" classname="MozzartGermania.UplataLotoTiketa"/>
  <testcase name="uplataGrckiloto3" time="3.055" classname="MozzartGermania.UplataLotoTiketa"/>
  <testcase name="uplataGrckilotoSistemski1" time="2.903" classname="MozzartGermania.UplataLotoTiketa"/>
  <testcase name="uplataGrckilotoSistemski2" time="3.614" classname="MozzartGermania.UplataLotoTiketa"/>
  <testcase name="uplataGrckilotoSistemski3" time="3.251" classname="MozzartGermania.UplataLotoTiketa"/>
  <testcase name="uplataGrckilotoSistemski4" time="3.766" classname="MozzartGermania.UplataLotoTiketa"/>
  <testcase name="uplataGrckilotoSistemski5" time="3.359" classname="MozzartGermania.UplataLotoTiketa"/>
  <testcase name="uplataGrckilotoSistemski6" time="3.94" classname="MozzartGermania.UplataLotoTiketa"/>
  <testcase name="uplataGrckilotoSistemski7" time="3.927" classname="MozzartGermania.UplataLotoTiketa"/>
  <testcase name="uplataGrckilotoSistemskiZaViseKola" time="4.317" classname="MozzartGermania.UplataLotoTiketa"/>
  <testcase name="uplataGrckilotoSing1l" time="1.683" classname="MozzartGermania.UplataLotoTiketa"/>
  <testcase name="uplataGrckilotoSingl" time="1.59" classname="MozzartGermania.UplataLotoTiketa"/>
  <testcase name="uplataGrckilotoSingl2" time="2.266" classname="MozzartGermania.UplataLotoTiketa"/>
  <testcase name="uplataLuckyGTiketa1" time="13.522" classname="MozzartGermania.UplataLuckyGTiket"/>
  <testcase name="uplataLuckyGTiketa2" time="12.911" classname="MozzartGermania.UplataLuckyGTiket"/>
  <testcase name="uplataLuckyGTiketa3" time="14.806" classname="MozzartGermania.UplataLuckyGTiket"/>
  <testcase name="uplataLuckyGTiketa4" time="13.14" classname="MozzartGermania.UplataLuckyGTiket"/>
  <testcase name="uplataLuckyGTiketaZaViseKola" time="11.43" classname="MozzartGermania.UplataLuckyGTiket">
    <failure type="java.lang.IndexOutOfBoundsException" message="Index: 0, Size: 0">
      <![CDATA[java.lang.IndexOutOfBoundsException: Index: 0, Size: 0
at java.util.ArrayList.rangeCheck(ArrayList.java:657)
at java.util.ArrayList.get(ArrayList.java:433)
at resources.base.selectRandomGKolo(base.java:352)
at MozzartGermania.UplataLuckyGTiket.uplataLuckyGTiketaZaViseKola(UplataLuckyGTiket.java:175)
... Removed 25 stack frames]]>
    </failure>
  </testcase> <!-- uplataLuckyGTiketaZaViseKola -->
</testsuite> <!-- Logovanje korisnika i uplata loto tiketa -->
