<?xml version="1.0" encoding="UTF-8"?>
<!-- Generated by org.testng.reporters.JUnitXMLReporter -->
<testsuite hostname="F_Jakovlevski" ignored="0" name="Logovanje i uplata svih tipova sportskih tiketa" tests="19" failures="0" timestamp="25 May 2020 08:39:42 GMT" time="351.842" errors="0">
  <testcase name="mozzartHomePage" time="9.122" classname="MozzartSrbija.Login"/>
  <testcase name="uplataSingla" time="9.265" classname="MozzartSrbija.UplataTiketa"/>
  <testcase name="uplataTiketa1" time="8.247" classname="MozzartSrbija.UplataTiketa"/>
  <testcase name="uplataTiketa2" time="8.669" classname="MozzartSrbija.UplataTiketa"/>
  <testcase name="uplataTiketa3" time="11.567" classname="MozzartSrbija.UplataTiketa"/>
  <testcase name="uplataTiketa4" time="27.497" classname="MozzartSrbija.UplataTiketa"/>
  <testcase name="uplataSistemskogTiketa" time="24.174" classname="MozzartSrbija.UplataSistemskogTiketa"/>
  <testcase name="uplataSistemskogTiketa1" time="24.83" classname="MozzartSrbija.UplataSistemskogTiketa"/>
  <testcase name="uplataSistemskogTiketa2" time="68.115" classname="MozzartSrbija.UplataSistemskogTiketa"/>
  <testcase name="uplataSistemskogTiketa3" time="28.66" classname="MozzartSrbija.UplataSistemskogTiketa"/>
  <testcase name="uplataBrzogSistemskogTiketa1" time="35.137" classname="MozzartSrbija.UplataBrzziTiket"/>
  <testcase name="uplataBrzogSistemskogTiketa2" time="7.628" classname="MozzartSrbija.UplataBrzziTiket"/>
  <testcase name="uplataBrzogSistemskogTiketa3" time="10.1" classname="MozzartSrbija.UplataBrzziTiket"/>
  <testcase name="uplataBrzogSistemskogTiketa4" time="16.589" classname="MozzartSrbija.UplataBrzziTiket"/>
  <testcase name="uplataBrzogTiketa1" time="6.592" classname="MozzartSrbija.UplataBrzziTiket"/>
  <testcase name="uplataBrzogTiketa2" time="5.726" classname="MozzartSrbija.UplataBrzziTiket"/>
  <testcase name="uplataBrzogTiketa3" time="7.843" classname="MozzartSrbija.UplataBrzziTiket"/>
  <testcase name="uplataBrzogTiketa4" time="14.289" classname="MozzartSrbija.UplataBrzziTiket"/>
  <testcase name="uplataBrzogTiketa5" time="27.736" classname="MozzartSrbija.UplataBrzziTiket"/>
</testsuite> <!-- Logovanje i uplata svih tipova sportskih tiketa -->
