<?xml version="1.0" encoding="UTF-8"?>
<!-- Generated by org.testng.reporters.JUnitXMLReporter -->
<testsuite hostname="F_Jakovlevski" ignored="0" name="Logovanje i uplata loto tiketa" tests="21" failures="0" timestamp="25 May 2020 09:05:43 GMT" time="124.281" errors="0">
  <testcase name="mozzartHomePage" time="9.332" classname="MozzartSrbija.Login"/>
  <testcase name="UplataGrckiloto1" time="2.647" classname="MozzartSrbija.UplataLotoTiketa"/>
  <testcase name="UplataGrckiloto2" time="2.49" classname="MozzartSrbija.UplataLotoTiketa"/>
  <testcase name="UplataGrckiloto3" time="2.549" classname="MozzartSrbija.UplataLotoTiketa"/>
  <testcase name="UplataGrckiloto4" time="2.715" classname="MozzartSrbija.UplataLotoTiketa"/>
  <testcase name="UplataGrckilotoSistem1" time="3.48" classname="MozzartSrbija.UplataLotoTiketa"/>
  <testcase name="UplataGrckilotoSistem2" time="3.562" classname="MozzartSrbija.UplataLotoTiketa"/>
  <testcase name="UplataGrckilotoSistem3" time="3.603" classname="MozzartSrbija.UplataLotoTiketa"/>
  <testcase name="UplataGrckilotoSistem4" time="3.697" classname="MozzartSrbija.UplataLotoTiketa"/>
  <testcase name="UplataGrckilotoSistem5" time="3.888" classname="MozzartSrbija.UplataLotoTiketa"/>
  <testcase name="UplataGrckilotoSistem6" time="4.086" classname="MozzartSrbija.UplataLotoTiketa"/>
  <testcase name="UplataGrckilotoSistem7" time="4.114" classname="MozzartSrbija.UplataLotoTiketa"/>
  <testcase name="UplataGrckilotoZaViseKola" time="7.037" classname="MozzartSrbija.UplataLotoTiketa"/>
  <testcase name="UplataGrckilotoSingl" time="1.823" classname="MozzartSrbija.UplataLotoTiketa"/>
  <testcase name="UplataGrckilotoSingl1" time="1.275" classname="MozzartSrbija.UplataLotoTiketa"/>
  <testcase name="UplataGrckilotoSingl2" time="1.138" classname="MozzartSrbija.UplataLotoTiketa"/>
  <testcase name="UplataG2" time="16.026" classname="MozzartSrbija.UplataGrckiTomboTiket"/>
  <testcase name="UplataG3" time="12.411" classname="MozzartSrbija.UplataGrckiTomboTiket"/>
  <testcase name="UplataG4" time="12.598" classname="MozzartSrbija.UplataGrckiTomboTiket"/>
  <testcase name="UplataG5" time="12.672" classname="MozzartSrbija.UplataGrckiTomboTiket"/>
  <testcase name="UplataGZaViseKola" time="13.064" classname="MozzartSrbija.UplataGrckiTomboTiket"/>
</testsuite> <!-- Logovanje i uplata loto tiketa -->
