<?xml version="1.0" encoding="UTF-8"?>
<!-- Generated by org.testng.reporters.JUnitXMLReporter -->
<testsuite hostname="F_Jakovlevski" ignored="0" name="Logovanje i uplata predefinisanog tiketa" tests="3" failures="1" timestamp="15 May 2020 13:35:51 GMT" time="39.347" errors="0">
  <testcase name="mozzartHomePage" time="8.876" classname="MozzartSrbija.Login"/>
  <testcase name="uplataPredefinisanogTiketa" time="15.894" classname="MozzartSrbija.UplataPredefinisanogTiketa">
    <failure type="org.openqa.selenium.ElementClickInterceptedException" message="element click intercepted: Element &amp;lt;span class=&amp;quot;active&amp;quot;&amp;gt;...&amp;lt;/span&amp;gt; is not clickable at point (1130, 222). Other element would receive the click: &amp;lt;section class=&amp;quot;overlay&amp;quot;&amp;gt;...&amp;lt;/section&amp;gt;
  (Session info: chrome=81.0.4044.138)
Build info: version: &amp;apos;3.141.59&amp;apos;, revision: &amp;apos;e82be7d358&amp;apos;, time: &amp;apos;2018-11-14T08:25:53&amp;apos;
System info: host: &amp;apos;F_JAKOVLEVSKI&amp;apos;, ip: &amp;apos;10.0.75.1&amp;apos;, os.name: &amp;apos;Windows 10&amp;apos;, os.arch: &amp;apos;amd64&amp;apos;, os.version: &amp;apos;10.0&amp;apos;, java.version: &amp;apos;1.8.0_211&amp;apos;
Driver info: org.openqa.selenium.chrome.ChromeDriver
Capabilities {acceptInsecureCerts: false, browserName: chrome, browserVersion: 81.0.4044.138, chrome: {chromedriverVersion: 80.0.3987.106 (f68069574609..., userDataDir: C:\Users\FILIP~1.JAK\AppDat...}, goog:chromeOptions: {debuggerAddress: localhost:57258}, javascriptEnabled: true, networkConnectionEnabled: false, pageLoadStrategy: normal, platform: WINDOWS, platformName: WINDOWS, proxy: Proxy(), setWindowRect: true, strictFileInteractability: false, timeouts: {implicit: 0, pageLoad: 300000, script: 30000}, unhandledPromptBehavior: dismiss and notify}
Session ID: 24d3192bb465eccc6b39a0775843293b">
      <![CDATA[org.openqa.selenium.ElementClickInterceptedException: element click intercepted: Element <span class="active">...</span> is not clickable at point (1130, 222). Other element would receive the click: <section class="overlay">...</section>
  (Session info: chrome=81.0.4044.138)
Build info: version: '3.141.59', revision: 'e82be7d358', time: '2018-11-14T08:25:53'
System info: host: 'F_JAKOVLEVSKI', ip: '10.0.75.1', os.name: 'Windows 10', os.arch: 'amd64', os.version: '10.0', java.version: '1.8.0_211'
Driver info: org.openqa.selenium.chrome.ChromeDriver
Capabilities {acceptInsecureCerts: false, browserName: chrome, browserVersion: 81.0.4044.138, chrome: {chromedriverVersion: 80.0.3987.106 (f68069574609..., userDataDir: C:\Users\FILIP~1.JAK\AppDat...}, goog:chromeOptions: {debuggerAddress: localhost:57258}, javascriptEnabled: true, networkConnectionEnabled: false, pageLoadStrategy: normal, platform: WINDOWS, platformName: WINDOWS, proxy: Proxy(), setWindowRect: true, strictFileInteractability: false, timeouts: {implicit: 0, pageLoad: 300000, script: 30000}, unhandledPromptBehavior: dismiss and notify}
Session ID: 24d3192bb465eccc6b39a0775843293b
at org.openqa.selenium.remote.http.W3CHttpResponseCodec.createException(W3CHttpResponseCodec.java:187)
at org.openqa.selenium.remote.http.W3CHttpResponseCodec.decode(W3CHttpResponseCodec.java:122)
at org.openqa.selenium.remote.http.W3CHttpResponseCodec.decode(W3CHttpResponseCodec.java:49)
at org.openqa.selenium.remote.HttpCommandExecutor.execute(HttpCommandExecutor.java:158)
at org.openqa.selenium.remote.service.DriverCommandExecutor.execute(DriverCommandExecutor.java:83)
at org.openqa.selenium.remote.RemoteWebDriver.execute(RemoteWebDriver.java:552)
at org.openqa.selenium.remote.RemoteWebElement.execute(RemoteWebElement.java:285)
at org.openqa.selenium.remote.RemoteWebElement.click(RemoteWebElement.java:84)
at resources.base.selectRandomPredefinisan(base.java:527)
at MozzartSrbija.UplataPredefinisanogTiketa.uplataPredefinisanogTiketa(UplataPredefinisanogTiketa.java:25)
... Removed 29 stack frames]]>
    </failure>
  </testcase> <!-- uplataPredefinisanogTiketa -->
  <testcase name="uplataPredefinisanogSlucajnogTiketa" time="9.499" classname="MozzartSrbija.UplataPredefinisanogTiketa"/>
</testsuite> <!-- Logovanje i uplata predefinisanog tiketa -->
