<?xml version="1.0" encoding="UTF-8"?>
<!-- Generated by org.testng.reporters.JUnitXMLReporter -->
<testsuite hostname="F_Jakovlevski" ignored="0" name="Logovanje korisnika i isplata na tekuci racun" tests="2" failures="0" timestamp="04 Sep 2019 10:34:46 GMT" time="36.906" errors="0">
  <testcase name="MozzartHomePage" time="9.001" classname="MozzartGermania.Login"/>
  <testcase name="Isplata" time="23.245" classname="MozzartGermania.IsplataNaTekuci"/>
</testsuite> <!-- Logovanje korisnika i isplata na tekuci racun -->
