<?xml version="1.0" encoding="UTF-8"?>
<!-- Generated by org.testng.reporters.JUnitXMLReporter -->
<testsuite hostname="F_Jakovlevski" ignored="0" name="Logovanje i isplata na tekuci racun" tests="2" failures="0" timestamp="04 Sep 2019 10:41:26 GMT" time="15.03" errors="0">
  <testcase name="MozzartHomePage" time="8.811" classname="MozzartGermania.Login"/>
  <testcase name="Transakcije" time="5.511" classname="MozzartGermania.PregledTransakcija"/>
</testsuite> <!-- Logovanje i isplata na tekuci racun -->
