<?xml version="1.0" encoding="UTF-8"?>
<!-- Generated by org.testng.reporters.JUnitXMLReporter -->
<testsuite hostname="F_Jakovlevski" ignored="0" name="Logovanje i isplata novca na SKRILL" tests="2" failures="0" timestamp="11 May 2020 13:35:45 GMT" time="21.26" errors="0">
  <testcase name="mozzartHomePage" time="9.621" classname="MozzartMalta.Login"/>
  <testcase name="isplataNaSkrill" time="10.956" classname="MozzartMalta.IsplataNovca"/>
</testsuite> <!-- Logovanje i isplata novca na SKRILL -->
