<?xml version="1.0" encoding="UTF-8"?>
<!-- Generated by org.testng.reporters.JUnitXMLReporter -->
<testsuite hostname="F_Jakovlevski" ignored="0" name="Logovanje korisnika i uplata vaucer tiketa" tests="2" failures="0" timestamp="15 May 2020 13:34:43 GMT" time="98.199" errors="0">
  <testcase name="mozzartHomePage" time="9.115" classname="MozzartSrbija.Login"/>
  <testcase name="uplataVaucerTiketa" time="84.095" classname="MozzartSrbija.UplataVaucerTiket"/>
</testsuite> <!-- Logovanje korisnika i uplata vaucer tiketa -->
