<?xml version="1.0" encoding="UTF-8"?>
<!-- Generated by org.testng.reporters.JUnitXMLReporter -->
<testsuite hostname="F_Jakovlevski" ignored="0" name="Logovanje i isplata novca na UM" tests="2" failures="0" timestamp="26 May 2020 12:33:48 GMT" time="1205978.924" errors="0">
  <testcase name="mozzartHomePage" time="1205968.735" classname="MozzartSrbija.Login"/>
  <testcase name="isplataNaUplatnoMesto" time="5.263" classname="MozzartSrbija.IsplataNaUm"/>
</testsuite> <!-- Logovanje i isplata novca na UM -->
