<?xml version="1.0" encoding="UTF-8"?>
<!-- Generated by org.testng.reporters.JUnitXMLReporter -->
<testsuite hostname="F_Jakovlevski" ignored="0" name="Logovanje korisnika i uplata tiketa" tests="3" failures="0" timestamp="04 Sep 2019 10:52:46 GMT" time="128.961" errors="0">
  <testcase name="MozzartHomePage" time="8.899" classname="MozzartGermania.Login"/>
  <testcase name="UplataGrckiloto" time="25.862" classname="MozzartGermania.UplataLotoTiketa"/>
  <testcase name="Uplata" time="89.52" classname="MozzartGermania.UplataLuckyGTiket"/>
</testsuite> <!-- Logovanje korisnika i uplata tiketa -->
