<?xml version="1.0" encoding="UTF-8"?>
<!-- Generated by org.testng.reporters.JUnitXMLReporter -->
<testsuite hostname="F_Jakovlevski" ignored="0" name="Logovanje korisnika i isplata na uplatno mesto" tests="2" failures="0" timestamp="25 May 2020 13:56:12 GMT" time="17.14" errors="0">
  <testcase name="MozzartHomePage" time="9.984" classname="MozzartRumunija.Login"/>
  <testcase name="isplataNaUplatnoMesto" time="6.451" classname="MozzartRumunija.IsplataNaUm"/>
</testsuite> <!-- Logovanje korisnika i isplata na uplatno mesto -->
