<?xml version="1.0" encoding="UTF-8"?>
<!-- Generated by org.testng.reporters.JUnitXMLReporter -->
<testsuite hostname="F_Jakovlevski" ignored="0" name="Logovanje korisnika i slanje tiketa za verifikaciju" tests="2" failures="0" timestamp="23 Apr 2020 07:53:25 GMT" time="47.039" errors="0">
  <testcase name="MozzartHomePage" time="9.159" classname="MozzartRumunija.Login"/>
  <testcase name="slanjeTiketaNaVerifikaciju" time="32.956" classname="MozzartRumunija.SlanjeZaVerifikaciju"/>
</testsuite> <!-- Logovanje korisnika i slanje tiketa za verifikaciju -->
