<?xml version="1.0" encoding="UTF-8"?>
<!-- Generated by org.testng.reporters.JUnitXMLReporter -->
<testsuite hostname="F_Jakovlevski" ignored="0" name="Logovanje korisnika i uplata svih tipova tiketa" tests="2" failures="0" timestamp="23 Dec 2019 13:50:32 GMT" time="34.105" errors="0">
  <testcase name="mozzartHomePage" time="8.772" classname="MozzartSrbija.Login"/>
  <testcase name="uplataVaucerTiketa" time="20.41" classname="MozzartSrbija.UplataVaucerTiket"/>
</testsuite> <!-- Logovanje korisnika i uplata svih tipova tiketa -->
