<?xml version="1.0" encoding="UTF-8"?>
<!-- Generated by org.testng.reporters.JUnitXMLReporter -->
<testsuite hostname="F_Jakovlevski" ignored="0" name="Logovanje korisnika i isplata na UM" tests="2" failures="0" timestamp="25 May 2020 11:15:32 GMT" time="23.727" errors="0">
  <testcase name="MozzartHomePage" time="12.679" classname="MozzartGermania.Login"/>
  <testcase name="isplataNaUM" time="6.307" classname="MozzartGermania.IsplataNaUm"/>
</testsuite> <!-- Logovanje korisnika i isplata na UM -->
