<?xml version="1.0" encoding="UTF-8"?>
<!-- Generated by org.testng.reporters.JUnitXMLReporter -->
<testsuite hostname="F_Jakovlevski" ignored="0" name="Ocitavanje statusa loto tiketa" tests="3" failures="0" timestamp="11 May 2020 08:14:48 GMT" time="19.947" errors="0">
  <testcase name="MozzartHomePage" time="10.091" classname="MozzartGermania.Login"/>
  <testcase name="StatusLotoTiketa" time="6.918" classname="MozzartGermania.LotoKodTiketa"/>
  <testcase name="statusLotoTiketaGermania" time="2.932" classname="MozzartGermania.StatusLotoTiketa"/>
</testsuite> <!-- Ocitavanje statusa loto tiketa -->
