<?xml version="1.0" encoding="UTF-8"?>
<!-- Generated by org.testng.reporters.JUnitXMLReporter -->
<testsuite hostname="F_Jakovlevski" ignored="0" name="Ocitavanje status tiketa" tests="3" failures="0" timestamp="09 Mar 2020 09:48:24 GMT" time="19.263" errors="0">
  <testcase name="mozzartHomePage" time="8.77" classname="MozzartSrbija.Login"/>
  <testcase name="StatusSportskogTiketa" time="3.034" classname="MozzartSrbija.SportskiKodTiketa"/>
  <testcase name="StatusSportskogTiketa" time="2.765" classname="MozzartSrbija.StatusSportskogTiketa"/>
</testsuite> <!-- Ocitavanje status tiketa -->
