<?xml version="1.0" encoding="UTF-8"?>
<!-- Generated by org.testng.reporters.JUnitXMLReporter -->
<testsuite hostname="F_Jakovlevski" ignored="0" name="Ocitavanje statusa sportskog tiketa" tests="3" failures="0" timestamp="11 May 2020 08:14:27 GMT" time="20.74" errors="0">
  <testcase name="MozzartHomePage" time="11.139" classname="MozzartGermania.Login"/>
  <testcase name="statusSportskogTiketa" time="4.876" classname="MozzartGermania.SportskiKodTiketa"/>
  <testcase name="statusSportskogTiketaGermania" time="4.676" classname="MozzartGermania.StatusSportskogTiketa"/>
</testsuite> <!-- Ocitavanje statusa sportskog tiketa -->
