<?xml version="1.0" encoding="UTF-8"?>
<!-- Generated by org.testng.reporters.JUnitXMLReporter -->
<testsuite hostname="F_Jakovlevski" ignored="0" name="Pregled transakcija za tekuci mesec" tests="2" failures="0" timestamp="04 Sep 2019 11:54:23 GMT" time="14.616" errors="0">
  <testcase name="MozzartHomePage" time="8.829" classname="MozzartSrbija.Login"/>
  <testcase name="Transakcije" time="5.054" classname="MozzartSrbija.PregledTransakcija"/>
</testsuite> <!-- Pregled transakcija za tekuci mesec -->
