<?xml version="1.0" encoding="UTF-8"?>
<!-- Generated by org.testng.reporters.JUnitXMLReporter -->
<testsuite hostname="F_Jakovlevski" ignored="0" name="Pregled transakcija za tekuci mesec" tests="2" failures="0" timestamp="15 May 2020 13:53:38 GMT" time="18.147" errors="0">
  <testcase name="mozzartHomePage" time="9.001" classname="MozzartSrbija.Login"/>
  <testcase name="transakcije" time="4.239" classname="MozzartSrbija.PregledTransakcija"/>
</testsuite> <!-- Pregled transakcija za tekuci mesec -->
