<?xml version="1.0" encoding="UTF-8"?>
<!-- Generated by org.testng.reporters.JUnitXMLReporter -->
<testsuite hostname="F_Jakovlevski" ignored="0" name="Promena Podataka za korisnika" tests="2" failures="0" timestamp="15 May 2020 13:53:13 GMT" time="18.059" errors="0">
  <testcase name="mozzartHomePage" time="9.005" classname="MozzartSrbija.Login"/>
  <testcase name="promenaPodataka" time="4.139" classname="MozzartSrbija.PromenaKorisnickihPodataka"/>
</testsuite> <!-- Promena Podataka za korisnika -->
