<?xml version="1.0" encoding="UTF-8"?>
<!-- Generated by org.testng.reporters.JUnitXMLReporter -->
<testsuite hostname="F_Jakovlevski" ignored="0" name="Provera balansa" tests="4" failures="0" timestamp="11 May 2020 10:37:31 GMT" time="14.956" errors="0">
  <testcase name="homepage" time="9.767" classname="MozzartRumunija.balans"/>
  <testcase name="id" time="0.156" classname="MozzartRumunija.Podaci_Baza"/>
  <testcase name="balance" time="0.002" classname="MozzartRumunija.Podaci_Baza"/>
  <testcase name="testBalance" time="0.002" classname="MozzartRumunija.Podaci_Baza"/>
</testsuite> <!-- Provera balansa -->
