<?xml version="1.0" encoding="UTF-8"?>
<!-- Generated by org.testng.reporters.JUnitXMLReporter -->
<testsuite hostname="F_Jakovlevski" ignored="0" name="Provvera balansa" tests="4" failures="0" timestamp="24 Oct 2019 09:26:27 GMT" time="12.852" errors="0">
  <testcase name="Homepage" time="9.549" classname="MozzartSrbija.balans"/>
  <testcase name="ID" time="1.942" classname="MozzartSrbija.Podaci_Baza"/>
  <testcase name="Balance" time="0.005" classname="MozzartSrbija.Podaci_Baza"/>
  <testcase name="TestBalance" time="0.001" classname="MozzartSrbija.Podaci_Baza"/>
</testsuite> <!-- Provvera balansa -->
