<?xml version="1.0" encoding="UTF-8"?>
<!-- Generated by org.testng.reporters.JUnitXMLReporter -->
<testsuite hostname="F_Jakovlevski" ignored="0" name="Provera kazino balansa" tests="4" failures="0" timestamp="15 May 2020 13:40:50 GMT" time="12.19" errors="0">
  <testcase name="casinoBalance" time="2.818" classname="MozzartSrbija.ProveraOmega"/>
  <testcase name="izvlacenjeBalansaIzJson" time="0.02" classname="MozzartSrbija.ProveraKazinoBalansa"/>
  <testcase name="balansWeb" time="8.701" classname="MozzartSrbija.ProveraKazinoBalansa"/>
  <testcase name="proveraBalansa" time="0.002" classname="MozzartSrbija.ProveraKazinoBalansa"/>
</testsuite> <!-- Provera kazino balansa -->
