<?xml version="1.0" encoding="UTF-8"?>
<!-- Generated by org.testng.reporters.JUnitXMLReporter -->
<testsuite hostname="F_Jakovlevski" ignored="0" name="Pustanjeustanje meceva na Srbija Web" tests="2" failures="0" timestamp="27 May 2020 17:13:02 GMT" time="1.828" errors="0">
  <testcase name="iscitavanjeMecevaIzJson" time="0.012" classname="MozzartSrbija.PustanjeMecevaNaSajt"/>
  <testcase name="pustanjeMecevaNaSajt" time="1.813" classname="MozzartSrbija.PustanjeMecevaNaSajt"/>
</testsuite> <!-- Pustanjeustanje meceva na Srbija Web -->
