<?xml version="1.0" encoding="UTF-8"?>
<!-- Generated by org.testng.reporters.JUnitXMLReporter -->
<testsuite hostname="F_Jakovlevski" ignored="0" name="Pustanjeustanje meceva na Rumunija Web" tests="2" failures="0" timestamp="27 May 2020 17:13:11 GMT" time="1.514" errors="0">
  <testcase name="iscitavanjeMecevaIzJson" time="0.008" classname="MozzartRumunija.PustanjeMecevaNaSajt"/>
  <testcase name="pustanjeMecevaNaSajt" time="1.503" classname="MozzartRumunija.PustanjeMecevaNaSajt"/>
</testsuite> <!-- Pustanjeustanje meceva na Rumunija Web -->
