<?xml version="1.0" encoding="UTF-8"?>
<!-- Generated by org.testng.reporters.JUnitXMLReporter -->
<testsuite hostname="F_Jakovlevski" ignored="0" name="Pustanjeustanje meceva na Germania Web" tests="2" failures="0" timestamp="27 May 2020 17:13:29 GMT" time="1.627" errors="0">
  <testcase name="iscitavanjeMecevaIzJson" time="0.013" classname="MozzartGermania.PustanjeMecevaNaSajt"/>
  <testcase name="pustanjeMecevaNaSajt" time="1.61" classname="MozzartGermania.PustanjeMecevaNaSajt"/>
</testsuite> <!-- Pustanjeustanje meceva na Germania Web -->
