<?xml version="1.0" encoding="UTF-8"?>
<!-- Generated by org.testng.reporters.JUnitXMLReporter -->
<testsuite hostname="F_Jakovlevski" ignored="0" name="Pustanjeustanje meceva na Malta Web" tests="2" failures="0" timestamp="27 May 2020 17:13:19 GMT" time="1.509" errors="0">
  <testcase name="iscitavanjeMecevaIzJson" time="0.01" classname="MozzartMalta.PustanjeMecevaNaSajt"/>
  <testcase name="pustanjeMecevaNaSajt" time="1.496" classname="MozzartMalta.PustanjeMecevaNaSajt"/>
</testsuite> <!-- Pustanjeustanje meceva na Malta Web -->
