<?xml version="1.0" encoding="UTF-8"?>
<!-- Generated by org.testng.reporters.JUnitXMLReporter -->
<testsuite hostname="F_Jakovlevski" ignored="0" name="Setovanje tekuceg racuna za korisnika" tests="2" failures="0" timestamp="22 May 2020 10:47:20 GMT" time="12.973" errors="0">
  <testcase name="mozzartHomePage" time="9.308" classname="MozzartSrbija.Login"/>
  <testcase name="setovanjeTekuceg" time="2.969" classname="MozzartSrbija.SetovanjeTekucegRacuna"/>
</testsuite> <!-- Setovanje tekuceg racuna za korisnika -->
