<?xml version="1.0" encoding="UTF-8"?>
<!-- Generated by org.testng.reporters.JUnitXMLReporter -->
<testsuite hostname="F_Jakovlevski" ignored="0" name="Setovanje tekuceg racuna za korisnika" tests="2" failures="0" timestamp="01 Aug 2019 11:35:38 GMT" time="13.589" errors="0">
  <testcase name="MozzartHomePage" time="8.277" classname="MozzartSrbija.Login"/>
  <testcase name="Setovanje" time="4.612" classname="MozzartSrbija.SetovanjeTekucegRacuna"/>
</testsuite> <!-- Setovanje tekuceg racuna za korisnika -->
