<?xml version="1.0" encoding="UTF-8"?>
<!-- Generated by org.testng.reporters.JUnitXMLReporter -->
<testsuite hostname="F_Jakovlevski" ignored="0" name="Setovanje tekuceg racuna za korisnika" tests="2" failures="0" timestamp="03 Sep 2019 11:49:10 GMT" time="13.944" errors="0">
  <testcase name="MozzartHomePage" time="8.695" classname="MozzartSrbija.Login"/>
  <testcase name="Setovanje" time="4.508" classname="MozzartSrbija.SetovanjeTekucegRacuna"/>
</testsuite> <!-- Setovanje tekuceg racuna za korisnika -->
