<?xml version="1.0" encoding="UTF-8"?>
<!-- Generated by org.testng.reporters.JUnitXMLReporter -->
<testsuite hostname="F_Jakovlevski" ignored="0" name="Slanje tiketa za verifikaciju sa promenom kvote" tests="2" failures="0" timestamp="11 May 2020 08:13:48 GMT" time="42.654" errors="0">
  <testcase name="MozzartHomePage" time="10.176" classname="MozzartGermania.Login"/>
  <testcase name="slanjeTiketaNaVerifikaciju" time="31.841" classname="MozzartGermania.SlanjeZaVerifikaciju"/>
</testsuite> <!-- Slanje tiketa za verifikaciju sa promenom kvote -->
