<?xml version="1.0" encoding="UTF-8"?>
<!-- Generated by org.testng.reporters.JUnitXMLReporter -->
<testsuite hostname="F_Jakovlevski" ignored="0" name="Slanje tiketa za verifikaciju bez promena" tests="2" failures="0" timestamp="12 May 2020 14:12:18 GMT" time="52.909" errors="0">
  <testcase name="mozzartHomePage" time="9.841" classname="MozzartSrbija.Login"/>
  <testcase name="slanjeTiketaZaVerifikaciju" time="38.133" classname="MozzartSrbija.SlanjeZaVerifikaciju"/>
</testsuite> <!-- Slanje tiketa za verifikaciju bez promena -->
