<?xml version="1.0" encoding="UTF-8"?>
<!-- Generated by org.testng.reporters.JUnitXMLReporter -->
<testsuite hostname="F_Jakovlevski" ignored="0" name="Slanje tiketa za verifikaciju sa promenom uplate " tests="2" failures="0" timestamp="08 May 2020 12:22:14 GMT" time="43.809" errors="0">
  <testcase name="mozzartHomePage" time="8.102" classname="MozzartSrbija.Login"/>
  <testcase name="slanjeTiketaZaVerifikaciju" time="30.799" classname="MozzartSrbija.SlanjeZaVerifikaciju"/>
</testsuite> <!-- Slanje tiketa za verifikaciju sa promenom uplate  -->
