<?xml version="1.0" encoding="UTF-8"?>
<!-- Generated by org.testng.reporters.JUnitXMLReporter -->
<testsuite hostname="F_Jakovlevski" ignored="0" name="Slanje tiketa za verifikaciju" tests="2" failures="0" timestamp="27 Apr 2020 13:19:33 GMT" time="45.25" errors="0">
  <testcase name="mozzartHomePage" time="9.6" classname="MozzartSrbija.Login"/>
  <testcase name="slanjeTiketaZaVerifikaciju" time="30.96" classname="MozzartSrbija.SlanjeZaVerifikaciju"/>
</testsuite> <!-- Slanje tiketa za verifikaciju -->
