<?xml version="1.0" encoding="UTF-8"?>
<!-- Generated by org.testng.reporters.JUnitXMLReporter -->
<testsuite hostname="F_Jakovlevski" ignored="0" name="Transfer novca iz kladjenja u kazino" tests="3" failures="0" timestamp="15 May 2020 13:40:12 GMT" time="18.739" errors="0">
  <testcase name="mozzartHomePage" time="9.041" classname="MozzartSrbija.Login"/>
  <testcase name="transfer" time="0.802" classname="MozzartSrbija.TransferNovca"/>
  <testcase name="brziTransfer" time="4.218" classname="MozzartSrbija.TransferNovca"/>
</testsuite> <!-- Transfer novca iz kladjenja u kazino -->
