<?xml version="1.0" encoding="UTF-8"?>
<!-- Generated by org.testng.reporters.JUnitXMLReporter -->
<testsuite hostname="F_Jakovlevski" ignored="0" name="Uplata novca za korisnika preko debit card" tests="2" failures="0" timestamp="11 May 2020 13:14:14 GMT" time="21.244" errors="0">
  <testcase name="mozzartHomePage" time="10.041" classname="MozzartMalta.Login"/>
  <testcase name="uplataNovca" time="10.531" classname="MozzartMalta.UplataNovca"/>
</testsuite> <!-- Uplata novca za korisnika preko debit card -->
