<?xml version="1.0" encoding="UTF-8"?>
<testng-results skipped="0" failed="0" ignored="0" total="2" passed="2">
  <reporter-output>
  </reporter-output>
  <suite name="Suite" duration-ms="13946" started-at="2019-09-04T11:02:36Z" finished-at="2019-09-04T11:02:50Z">
    <groups>
      <group name="Login.test">
        <method signature="Login.MozzartHomePage(java.lang.String, java.lang.String)[pri:0, instance:MozzartMalta.Login@30e143ff]" name="MozzartHomePage" class="MozzartMalta.Login"/>
      </group> <!-- Login.test -->
    </groups>
    <test name="Promena Podataka za korisnika" duration-ms="13946" started-at="2019-09-04T11:02:36Z" finished-at="2019-09-04T11:02:50Z">
      <class name="MozzartMalta.PromenaPassworda">
        <test-method status="PASS" signature="PromenaPassworda()[pri:0, instance:MozzartMalta.PromenaPassworda@452ec287]" name="PromenaPassworda" duration-ms="3807" started-at="2019-09-04T11:02:46Z" finished-at="2019-09-04T11:02:50Z">
          <reporter-output>
          </reporter-output>
        </test-method> <!-- PromenaPassworda -->
      </class> <!-- MozzartMalta.PromenaPassworda -->
      <class name="MozzartMalta.Login">
        <test-method status="PASS" signature="MozzartHomePage(java.lang.String, java.lang.String)[pri:0, instance:MozzartMalta.Login@30e143ff]" name="MozzartHomePage" duration-ms="9438" started-at="2019-09-04T11:02:36Z" data-provider="getData" finished-at="2019-09-04T11:02:46Z">
          <params>
            <param index="0">
              <value>
                <![CDATA[pera59]]>
              </value>
            </param>
            <param index="1">
              <value>
                <![CDATA[8888888A]]>
              </value>
            </param>
          </params>
          <reporter-output>
          </reporter-output>
        </test-method> <!-- MozzartHomePage -->
        <test-method status="PASS" signature="teardown()[pri:0, instance:MozzartMalta.PromenaPassworda@452ec287]" name="teardown" is-config="true" duration-ms="648" started-at="2019-09-04T11:02:50Z" finished-at="2019-09-04T11:02:50Z">
          <reporter-output>
          </reporter-output>
        </test-method> <!-- teardown -->
        <test-method status="PASS" signature="teardown()[pri:0, instance:MozzartMalta.Login@30e143ff]" name="teardown" is-config="true" duration-ms="0" started-at="2019-09-04T11:02:50Z" finished-at="2019-09-04T11:02:50Z">
          <reporter-output>
          </reporter-output>
        </test-method> <!-- teardown -->
      </class> <!-- MozzartMalta.Login -->
    </test> <!-- Promena Podataka za korisnika -->
  </suite> <!-- Suite -->
</testng-results>
