<?xml version="1.0" encoding="UTF-8"?>
<testng-results skipped="0" failed="0" ignored="0" total="5" passed="5">
  <reporter-output>
  </reporter-output>
  <suite name="Suite" duration-ms="2574" started-at="2020-05-27T17:13:27Z" finished-at="2020-05-27T17:13:29Z">
    <groups>
    </groups>
    <test name="Citanje meceva iz baze" duration-ms="930" started-at="2020-05-27T17:13:27Z" finished-at="2020-05-27T17:13:28Z">
      <class name="MozzartGermania.IzvlacenjePonude">
        <test-method status="PASS" signature="setUp()[pri:0, instance:MozzartGermania.IzvlacenjePonude@5c9b5e62]" name="setUp" is-config="true" duration-ms="668" started-at="2020-05-27T17:13:27Z" finished-at="2020-05-27T17:13:27Z">
          <reporter-output>
          </reporter-output>
        </test-method> <!-- setUp -->
        <test-method status="PASS" signature="maxIdKola()[pri:0, instance:MozzartGermania.IzvlacenjePonude@5c9b5e62]" name="maxIdKola" duration-ms="130" started-at="2020-05-27T17:13:27Z" finished-at="2020-05-27T17:13:28Z">
          <reporter-output>
          </reporter-output>
        </test-method> <!-- maxIdKola -->
        <test-method status="PASS" signature="meceviID()[pri:1, instance:MozzartGermania.IzvlacenjePonude@5c9b5e62]" name="meceviID" duration-ms="51" started-at="2020-05-27T17:13:28Z" depends-on-methods="MozzartGermania.IzvlacenjePonude.maxIdKola" finished-at="2020-05-27T17:13:28Z">
          <reporter-output>
          </reporter-output>
        </test-method> <!-- meceviID -->
        <test-method status="PASS" signature="upisMecevauJson()[pri:2, instance:MozzartGermania.IzvlacenjePonude@5c9b5e62]" name="upisMecevauJson" duration-ms="47" started-at="2020-05-27T17:13:28Z" finished-at="2020-05-27T17:13:28Z">
          <reporter-output>
          </reporter-output>
        </test-method> <!-- upisMecevauJson -->
        <test-method status="PASS" signature="tearDown()[pri:0, instance:MozzartGermania.IzvlacenjePonude@5c9b5e62]" name="tearDown" is-config="true" duration-ms="4" started-at="2020-05-27T17:13:28Z" finished-at="2020-05-27T17:13:28Z">
          <reporter-output>
          </reporter-output>
        </test-method> <!-- tearDown -->
      </class> <!-- MozzartGermania.IzvlacenjePonude -->
    </test> <!-- Citanje meceva iz baze -->
    <test name="Pustanjeustanje meceva na Germania Web" duration-ms="1627" started-at="2020-05-27T17:13:28Z" finished-at="2020-05-27T17:13:29Z">
      <class name="MozzartGermania.PustanjeMecevaNaSajt">
        <test-method status="PASS" signature="iscitavanjeMecevaIzJson()[pri:0, instance:MozzartGermania.PustanjeMecevaNaSajt@2dd2ff87]" name="iscitavanjeMecevaIzJson" duration-ms="13" started-at="2020-05-27T17:13:28Z" finished-at="2020-05-27T17:13:28Z">
          <reporter-output>
          </reporter-output>
        </test-method> <!-- iscitavanjeMecevaIzJson -->
        <test-method status="PASS" signature="pustanjeMecevaNaSajt()[pri:0, instance:MozzartGermania.PustanjeMecevaNaSajt@2dd2ff87]" name="pustanjeMecevaNaSajt" duration-ms="1610" started-at="2020-05-27T17:13:28Z" finished-at="2020-05-27T17:13:29Z">
          <reporter-output>
          </reporter-output>
        </test-method> <!-- pustanjeMecevaNaSajt -->
      </class> <!-- MozzartGermania.PustanjeMecevaNaSajt -->
    </test> <!-- Pustanjeustanje meceva na Germania Web -->
  </suite> <!-- Suite -->
</testng-results>
