<?xml version="1.0" encoding="UTF-8"?>
<!-- Generated by org.testng.reporters.JUnitXMLReporter -->
<testsuite hostname="F_Jakovlevski" ignored="0" name="Default test" tests="3" failures="0" timestamp="11 May 2020 11:49:54 GMT" time="0.781" errors="0">
  <testcase name="id" time="0.139" classname="MozzartRumunija.Podaci_Baza"/>
  <testcase name="balance" time="0.016" classname="MozzartRumunija.Podaci_Baza"/>
  <testcase name="testBalance" time="0.001" classname="MozzartRumunija.Podaci_Baza"/>
</testsuite> <!-- Default test -->
